<?xml version="1.0" encoding="UTF-8"?>
<testng-results skipped="0" failed="0" ignored="0" total="0" passed="0">
  <reporter-output>
    <line>
      <![CDATA[<strong><h1 style="color:DarkViolet;font-size:13px;">  </h1> </strong>]]>
    </line>
    <line>
      <![CDATA[<strong><h1 style="color:DarkViolet;font-size:13px;"> TEST CASE:TC_LogIn_02::To verify That user is able to Login with the valid details</h1> </strong>]]>
    </line>
    <line>
      <![CDATA[<br><strong><font color="blue">Step1: Open the Url---> https://staging.3dbroadcastsales.com/</font></strong></br>]]>
    </line>
    <line>
      <![CDATA[<strong><h1 style="color:saddlebrown;font-size:11px;"> -----> 3dbroadcastsales home page open <-----</h1> </strong>]]>
    </line>
    <line>
      <![CDATA[<strong> <h3 style="color:DarkGreen">  &#10004; <i>  SUCCESSFUL </i></h3> </strong> ]]>
    </line>
    <line>
      <![CDATA[<br><strong><font color="blue">Step2: Click on the Login menu</font></strong></br>]]>
    </line>
    <line>
      <![CDATA[<br><strong><font color="blue">Step3: Enter the Details for Login</font></strong></br>]]>
    </line>
    <line>
      <![CDATA[</br>&nbsp;&nbsp;&nbsp;&nbsp;---> Email Addess : JFeo@mailinator.com <---</br>]]>
    </line>
    <line>
      <![CDATA[</br>&nbsp;&nbsp;&nbsp;&nbsp;---> Password : pQzge@1234 <---</br>]]>
    </line>
    <line>
      <![CDATA[<br><strong><font color="blue">Step4: Click on Login button</font></strong></br>]]>
    </line>
  </reporter-output>
  <suite name="3DBroadCastSales_Functional_Test_Suite" duration-ms="0" started-at="2019-05-08T16:44:01Z" finished-at="2019-05-08T16:44:01Z">
    <groups>
    </groups>
  </suite> <!-- 3DBroadCastSales_Functional_Test_Suite -->
</testng-results>
